d:\study\univesity\5 term\osasp\winapilab1\winapilab1\debug\vc142.pdb
d:\study\univesity\5 term\osasp\winapilab1\winapilab1\debug\vc142.idb
d:\study\univesity\5 term\osasp\winapilab1\winapilab1\debug\source.obj
d:\study\univesity\5 term\osasp\winapilab1\winapilab1\debug\winapilab1.res
d:\study\univesity\5 term\osasp\winapilab1\winapilab1\debug\source.obj.enc
d:\study\univesity\5 term\osasp\winapilab1\winapilab1\debug\source.nativecodeanalysis.xml
d:\study\univesity\5 term\osasp\winapilab1\debug\winapilab1.pdb
d:\study\univesity\5 term\osasp\winapilab1\winapilab1\debug\winapilab1.tlog\cl.command.1.tlog
d:\study\univesity\5 term\osasp\winapilab1\winapilab1\debug\winapilab1.tlog\cl.read.1.tlog
d:\study\univesity\5 term\osasp\winapilab1\winapilab1\debug\winapilab1.tlog\cl.write.1.tlog
d:\study\univesity\5 term\osasp\winapilab1\winapilab1\debug\winapilab1.tlog\link-cvtres.read.1.tlog
d:\study\univesity\5 term\osasp\winapilab1\winapilab1\debug\winapilab1.tlog\link-cvtres.write.1.tlog
d:\study\univesity\5 term\osasp\winapilab1\winapilab1\debug\winapilab1.tlog\link-rc.read.1.tlog
d:\study\univesity\5 term\osasp\winapilab1\winapilab1\debug\winapilab1.tlog\link-rc.write.1.tlog
d:\study\univesity\5 term\osasp\winapilab1\winapilab1\debug\winapilab1.tlog\link.4324-cvtres.read.1.tlog
d:\study\univesity\5 term\osasp\winapilab1\winapilab1\debug\winapilab1.tlog\link.4324-cvtres.write.1.tlog
d:\study\univesity\5 term\osasp\winapilab1\winapilab1\debug\winapilab1.tlog\link.4324-rc.read.1.tlog
d:\study\univesity\5 term\osasp\winapilab1\winapilab1\debug\winapilab1.tlog\link.4324-rc.write.1.tlog
d:\study\univesity\5 term\osasp\winapilab1\winapilab1\debug\winapilab1.tlog\link.4324.read.1.tlog
d:\study\univesity\5 term\osasp\winapilab1\winapilab1\debug\winapilab1.tlog\link.4324.write.1.tlog
d:\study\univesity\5 term\osasp\winapilab1\winapilab1\debug\winapilab1.tlog\link.command.1.tlog
d:\study\univesity\5 term\osasp\winapilab1\winapilab1\debug\winapilab1.tlog\link.read.1.tlog
d:\study\univesity\5 term\osasp\winapilab1\winapilab1\debug\winapilab1.tlog\link.write.1.tlog
d:\study\univesity\5 term\osasp\winapilab1\winapilab1\debug\winapilab1.tlog\rc.command.1.tlog
d:\study\univesity\5 term\osasp\winapilab1\winapilab1\debug\winapilab1.tlog\rc.read.1.tlog
d:\study\univesity\5 term\osasp\winapilab1\winapilab1\debug\winapilab1.tlog\rc.write.1.tlog
